<?xml version="1.0" encoding="UTF-8"?>
<!-- Generated by org.testng.reporters.JUnitReportReporter -->
<testsuite skipped="0" hostname="admin-PC" name="test.TestFb" tests="2" failures="0" timestamp="06 Sep 2018 10:41:21 GMT" time="96.966" errors="0">
  <testcase name="facebookTest" time="38.855" classname="test.TestFb"/>
  <testcase name="facebookTest" time="58.111" classname="test.TestFb"/>
</testsuite> <!-- test.TestFb -->
